<?xml version="1.0" encoding="UTF-8"?>
<!-- Generated by org.testng.reporters.JUnitReportReporter -->
<testsuite hostname="DESKTOP-6M9GUQS" failures="0" tests="1" name="apiPratice.ApiProject.GetHeaders_Test" time="3.717" errors="0" timestamp="2020-08-02T21:34:14 IST" skipped="0">
  <testcase classname="apiPratice.ApiProject.GetHeaders_Test" name="test_getcall" time="3.717"/>
</testsuite> <!-- apiPratice.ApiProject.GetHeaders_Test -->
