<?xml version="1.0" encoding="UTF-8"?>
<!-- Generated by org.testng.reporters.JUnitReportReporter -->
<testsuite hostname="DESKTOP-6M9GUQS" failures="0" tests="1" name="apiPratice.ApiProject.GetParams" time="3.250" errors="0" timestamp="2020-08-02T21:32:55 IST" skipped="0">
  <testcase classname="apiPratice.ApiProject.GetParams" name="get_parama" time="3.250"/>
</testsuite> <!-- apiPratice.ApiProject.GetParams -->
