<?xml version="1.0" encoding="UTF-8"?>
<!-- Generated by org.testng.reporters.JUnitReportReporter -->
<testsuite hostname="DESKTOP-6M9GUQS" failures="0" tests="1" name="apiPratice.ApiProject.Post" time="3.885" errors="0" timestamp="2020-08-03T21:45:54 IST" skipped="0">
  <testcase classname="apiPratice.ApiProject.Post" name="postMethod" time="3.885"/>
</testsuite> <!-- apiPratice.ApiProject.Post -->
